<?xml version="1.0" encoding="UTF-8"?>
<!-- Generated by org.testng.reporters.JUnitXMLReporter -->
<testsuite ignored="3" hostname="DESKTOP-6GVOOPD" failures="0" tests="4" name="Default test" time="117.567" errors="0" timestamp="2023-05-09T21:47:19 IST">
  <testcase classname="crmtests.HomePageTest" name="valdiateRedirectionOfcreateDealTest" time="4.339"/>
  <testcase classname="crmtests.HomePageTest" name="valdiateRedirectionOfcreateTaskTest" time="4.179"/>
  <testcase classname="crmtests.HomePageTest" name="validateRedirectionOfCreateCompanyTest" time="3.793"/>
  <testcase classname="crmtests.HomePageTest" name="validateRedirectionOfCreateContactTest" time="4.66"/>
  <testcase classname="crmtests.HomePageTest" name="validateLogoutTest" time="0.0">
    <ignored/>
  </testcase> <!-- validateLogoutTest -->
  <testcase classname="crmtests.HomePageTest" name="validateHomePageLogoTest" time="0.0">
    <ignored/>
  </testcase> <!-- validateHomePageLogoTest -->
  <testcase classname="crmtests.HomePageTest" name="validateUserTest" time="0.0">
    <ignored/>
  </testcase> <!-- validateUserTest -->
</testsuite> <!-- Default test -->
