<?xml version="1.0" encoding="UTF-8"?>
<!-- Generated by org.testng.reporters.JUnitXMLReporter -->
<testsuite ignored="0" hostname="DESKTOP-6GVOOPD" failures="0" tests="7" name="Test" time="176.659" errors="0" timestamp="2023-05-01T22:20:27 IST">
  <testcase classname="crmtests.LoginPageTest" name="validateLinksTest" time="0.402"/>
  <testcase classname="crmtests.LoginPageTest" name="validateLoginTest" time="12.784"/>
  <testcase classname="crmtests.LoginPageTest" name="validateLogoTest" time="0.715"/>
  <testcase classname="crmtests.HomePageTest" name="validateHomePageLogoTest" time="0.252"/>
  <testcase classname="crmtests.HomePageTest" name="validateLogoutTest" time="1.809"/>
  <testcase classname="crmtests.HomePageTest" name="validateRedirectionOfCreateContactTest" time="4.633"/>
  <testcase classname="crmtests.HomePageTest" name="validateUserTest" time="0.198"/>
</testsuite> <!-- Test -->
