<?xml version="1.0" encoding="UTF-8"?>
<testng-results ignored="3" total="7" passed="4" failed="0" skipped="0">
  <reporter-output>
  </reporter-output>
  <suite started-at="2023-05-09T21:45:21 IST" name="Default suite" finished-at="2023-05-09T21:47:19 IST" duration-ms="117567">
    <groups>
    </groups>
    <test started-at="2023-05-09T21:45:21 IST" name="Default test" finished-at="2023-05-09T21:47:19 IST" duration-ms="117567">
      <class name="crmtests.HomePageTest">
        <test-method is-config="true" signature="initialization()[pri:0, instance:crmtests.HomePageTest@2ed2d9cb]" started-at="2023-05-09T21:45:21 IST" name="initialization" finished-at="2023-05-09T21:45:49 IST" duration-ms="27399" status="PASS">
          <reporter-output>
          </reporter-output>
        </test-method> <!-- initialization -->
        <test-method signature="valdiateRedirectionOfcreateDealTest()[pri:0, instance:crmtests.HomePageTest@2ed2d9cb]" started-at="2023-05-09T21:45:49 IST" name="valdiateRedirectionOfcreateDealTest" finished-at="2023-05-09T21:45:53 IST" duration-ms="4339" status="PASS">
          <reporter-output>
          </reporter-output>
        </test-method> <!-- valdiateRedirectionOfcreateDealTest -->
        <test-method is-config="true" signature="tearDown()[pri:0, instance:crmtests.HomePageTest@2ed2d9cb]" started-at="2023-05-09T21:45:53 IST" name="tearDown" finished-at="2023-05-09T21:45:54 IST" duration-ms="604" status="PASS">
          <reporter-output>
          </reporter-output>
        </test-method> <!-- tearDown -->
        <test-method is-config="true" signature="initialization()[pri:0, instance:crmtests.HomePageTest@2ed2d9cb]" started-at="2023-05-09T21:45:54 IST" name="initialization" finished-at="2023-05-09T21:46:17 IST" duration-ms="23337" status="PASS">
          <reporter-output>
          </reporter-output>
        </test-method> <!-- initialization -->
        <test-method signature="valdiateRedirectionOfcreateTaskTest()[pri:0, instance:crmtests.HomePageTest@2ed2d9cb]" started-at="2023-05-09T21:46:17 IST" name="valdiateRedirectionOfcreateTaskTest" finished-at="2023-05-09T21:46:21 IST" duration-ms="4179" status="PASS">
          <reporter-output>
          </reporter-output>
        </test-method> <!-- valdiateRedirectionOfcreateTaskTest -->
        <test-method is-config="true" signature="tearDown()[pri:0, instance:crmtests.HomePageTest@2ed2d9cb]" started-at="2023-05-09T21:46:21 IST" name="tearDown" finished-at="2023-05-09T21:46:22 IST" duration-ms="677" status="PASS">
          <reporter-output>
          </reporter-output>
        </test-method> <!-- tearDown -->
        <test-method is-config="true" signature="initialization()[pri:0, instance:crmtests.HomePageTest@2ed2d9cb]" started-at="2023-05-09T21:46:22 IST" name="initialization" finished-at="2023-05-09T21:46:46 IST" duration-ms="23561" status="PASS">
          <reporter-output>
          </reporter-output>
        </test-method> <!-- initialization -->
        <test-method signature="validateRedirectionOfCreateCompanyTest()[pri:0, instance:crmtests.HomePageTest@2ed2d9cb]" started-at="2023-05-09T21:46:46 IST" name="validateRedirectionOfCreateCompanyTest" finished-at="2023-05-09T21:46:49 IST" duration-ms="3793" status="PASS">
          <reporter-output>
          </reporter-output>
        </test-method> <!-- validateRedirectionOfCreateCompanyTest -->
        <test-method is-config="true" signature="tearDown()[pri:0, instance:crmtests.HomePageTest@2ed2d9cb]" started-at="2023-05-09T21:46:49 IST" name="tearDown" finished-at="2023-05-09T21:46:50 IST" duration-ms="492" status="PASS">
          <reporter-output>
          </reporter-output>
        </test-method> <!-- tearDown -->
        <test-method is-config="true" signature="initialization()[pri:0, instance:crmtests.HomePageTest@2ed2d9cb]" started-at="2023-05-09T21:46:50 IST" name="initialization" finished-at="2023-05-09T21:47:14 IST" duration-ms="23779" status="PASS">
          <reporter-output>
          </reporter-output>
        </test-method> <!-- initialization -->
        <test-method signature="validateRedirectionOfCreateContactTest()[pri:0, instance:crmtests.HomePageTest@2ed2d9cb]" started-at="2023-05-09T21:47:14 IST" name="validateRedirectionOfCreateContactTest" finished-at="2023-05-09T21:47:18 IST" duration-ms="4660" status="PASS">
          <reporter-output>
          </reporter-output>
        </test-method> <!-- validateRedirectionOfCreateContactTest -->
        <test-method is-config="true" signature="tearDown()[pri:0, instance:crmtests.HomePageTest@2ed2d9cb]" started-at="2023-05-09T21:47:18 IST" name="tearDown" finished-at="2023-05-09T21:47:19 IST" duration-ms="581" status="PASS">
          <reporter-output>
          </reporter-output>
        </test-method> <!-- tearDown -->
      </class> <!-- crmtests.HomePageTest -->
    </test> <!-- Default test -->
  </suite> <!-- Default suite -->
</testng-results>
